<?xml version="1.0" encoding="UTF-8"?>
<testng-results ignored="0" total="2" passed="1" failed="1" skipped="0">
  <reporter-output>
  </reporter-output>
  <suite started-at="2023-06-14T13:50:00 IST" name="Default suite" finished-at="2023-06-14T13:50:24 IST" duration-ms="23790">
    <groups>
    </groups>
    <test started-at="2023-06-14T13:50:00 IST" name="Default test" finished-at="2023-06-14T13:50:24 IST" duration-ms="23790">
      <class name="LiveProjects.ea_coding_test.Festivals1">
        <test-method signature="festivals()[pri:0, instance:LiveProjects.ea_coding_test.Festivals1@7c711375]" started-at="2023-06-14T13:50:00 IST" name="festivals" finished-at="2023-06-14T13:50:12 IST" duration-ms="11815" status="FAIL">
          <exception class="java.util.InputMismatchException">
            <full-stacktrace>
              <![CDATA[java.util.InputMismatchException
at java.base/java.util.Scanner.throwFor(Scanner.java:939)
at java.base/java.util.Scanner.next(Scanner.java:1594)
at java.base/java.util.Scanner.nextInt(Scanner.java:2258)
at java.base/java.util.Scanner.nextInt(Scanner.java:2212)
at LiveProjects.ea_coding_test.Festivals1.festivals(Festivals1.java:34)
at java.base/jdk.internal.reflect.NativeMethodAccessorImpl.invoke0(Native Method)
at java.base/jdk.internal.reflect.NativeMethodAccessorImpl.invoke(NativeMethodAccessorImpl.java:77)
at java.base/jdk.internal.reflect.DelegatingMethodAccessorImpl.invoke(DelegatingMethodAccessorImpl.java:43)
at java.base/java.lang.reflect.Method.invoke(Method.java:568)
at org.testng.internal.MethodInvocationHelper.invokeMethod(MethodInvocationHelper.java:133)
at org.testng.internal.TestInvoker.invokeMethod(TestInvoker.java:598)
at org.testng.internal.TestInvoker.invokeTestMethod(TestInvoker.java:173)
at org.testng.internal.MethodRunner.runInSequence(MethodRunner.java:46)
at org.testng.internal.TestInvoker$MethodInvocationAgent.invoke(TestInvoker.java:824)
at org.testng.internal.TestInvoker.invokeTestMethods(TestInvoker.java:146)
at org.testng.internal.TestMethodWorker.invokeTestMethods(TestMethodWorker.java:146)
at org.testng.internal.TestMethodWorker.run(TestMethodWorker.java:128)
at java.base/java.util.ArrayList.forEach(ArrayList.java:1511)
at org.testng.TestRunner.privateRun(TestRunner.java:794)
at org.testng.TestRunner.run(TestRunner.java:596)
at org.testng.SuiteRunner.runTest(SuiteRunner.java:377)
at org.testng.SuiteRunner.runSequentially(SuiteRunner.java:371)
at org.testng.SuiteRunner.privateRun(SuiteRunner.java:332)
at org.testng.SuiteRunner.run(SuiteRunner.java:276)
at org.testng.SuiteRunnerWorker.runSuite(SuiteRunnerWorker.java:53)
at org.testng.SuiteRunnerWorker.run(SuiteRunnerWorker.java:96)
at org.testng.TestNG.runSuitesSequentially(TestNG.java:1212)
at org.testng.TestNG.runSuitesLocally(TestNG.java:1134)
at org.testng.TestNG.runSuites(TestNG.java:1063)
at org.testng.TestNG.run(TestNG.java:1031)
at org.testng.remote.AbstractRemoteTestNG.run(AbstractRemoteTestNG.java:115)
at org.testng.remote.RemoteTestNG.initAndRun(RemoteTestNG.java:251)
at org.testng.remote.RemoteTestNG.main(RemoteTestNG.java:77)
]]>
            </full-stacktrace>
          </exception> <!-- java.util.InputMismatchException -->
          <reporter-output>
          </reporter-output>
        </test-method> <!-- festivals -->
        <test-method signature="festivalsTest3()[pri:0, instance:LiveProjects.ea_coding_test.Festivals1@7c711375]" started-at="2023-06-14T13:50:12 IST" name="festivalsTest3" finished-at="2023-06-14T13:50:24 IST" duration-ms="11897" status="PASS">
          <reporter-output>
          </reporter-output>
        </test-method> <!-- festivalsTest3 -->
      </class> <!-- LiveProjects.ea_coding_test.Festivals1 -->
    </test> <!-- Default test -->
  </suite> <!-- Default suite -->
</testng-results>
